Using pre-set license
Built from '2020.3/staging' branch; Version is '2020.3.33f1 (915a7af8b0d5) revision 9525882'; Using compiler version '192528614'; Build Type 'Release'
OS: 'Windows 10  (10.0.19044) 64bit Enterprise' Language: 'zh' Physical Memory: 8157 MB
BatchMode: 1, IsHumanControllingUs: 0, StartBugReporterOnCrash: 0, Is64bit: 1, IsPro: 0

COMMAND LINE ARGUMENTS:
C:\Program Files\Unity\Hub\Editor\2020.3.33f1\Editor\Unity.exe
-adb2
-batchMode
-noUpm
-name
AssetImportWorker1
-projectPath
D:/data/Desktop/WebGame_2022-03-01/WebGame_2022-03-01
-logFile
Logs/AssetImportWorker1.log
-srvPort
61703
Successfully changed project path to: D:/data/Desktop/WebGame_2022-03-01/WebGame_2022-03-01
D:/data/Desktop/WebGame_2022-03-01/WebGame_2022-03-01
Using Asset Import Pipeline V2.
Refreshing native plugins compatible for Editor in 58.43 ms, found 3 plugins.
Preloading 0 native plugins for Editor in 0.00 ms.
Initialize engine version: 2020.3.33f1 (915a7af8b0d5)
[Subsystems] Discovering subsystems at path C:/Program Files/Unity/Hub/Editor/2020.3.33f1/Editor/Data/Resources/UnitySubsystems
[Subsystems] Discovering subsystems at path D:/data/Desktop/WebGame_2022-03-01/WebGame_2022-03-01/Assets
GfxDevice: creating device client; threaded=0
Direct3D:
    Version:  Direct3D 11.0 [level 11.1]
    Renderer: NVIDIA GeForce GTX 1050 Ti (ID=0x1c82)
    Vendor:   
    VRAM:     4018 MB
    Driver:   30.0.14.9709
Initialize mono
Mono path[0] = 'C:/Program Files/Unity/Hub/Editor/2020.3.33f1/Editor/Data/Managed'
Mono path[1] = 'C:/Program Files/Unity/Hub/Editor/2020.3.33f1/Editor/Data/MonoBleedingEdge/lib/mono/unityjit'
Mono config path = 'C:/Program Files/Unity/Hub/Editor/2020.3.33f1/Editor/Data/MonoBleedingEdge/etc'
Using monoOptions --debugger-agent=transport=dt_socket,embedding=1,server=y,suspend=n,address=127.0.0.1:56784
Begin MonoManager ReloadAssembly
Registering precompiled unity dll's ...
Register platform support module: C:/Program Files/Unity/Hub/Editor/2020.3.33f1/Editor/Data/PlaybackEngines/WebGLSupport/UnityEditor.WebGL.Extensions.dll
Register platform support module: C:/Program Files/Unity/Hub/Editor/2020.3.33f1/Editor/Data/PlaybackEngines/WindowsStandaloneSupport/UnityEditor.WindowsStandalone.Extensions.dll
Registered in 0.002946 seconds.
Native extension for WindowsStandalone target not found
Native extension for WebGL target not found
Refreshing native plugins compatible for Editor in 55.02 ms, found 3 plugins.
Preloading 0 native plugins for Editor in 0.00 ms.
Mono: successfully reloaded assembly
- Completed reload, in  0.711 seconds
Domain Reload Profiling:
	ReloadAssembly (711ms)
		BeginReloadAssembly (82ms)
			ExecutionOrderSort (0ms)
			DisableScriptedObjects (0ms)
			BackupInstance (0ms)
			ReleaseScriptingObjects (0ms)
			CreateAndSetChildDomain (1ms)
		EndReloadAssembly (543ms)
			LoadAssemblies (79ms)
			RebuildTransferFunctionScriptingTraits (0ms)
			SetupTypeCache (185ms)
			ReleaseScriptCaches (0ms)
			RebuildScriptCaches (35ms)
			SetupLoadedEditorAssemblies (209ms)
				LogAssemblyErrors (0ms)
				InitializePlatformSupportModulesInManaged (8ms)
				SetLoadedEditorAssemblies (0ms)
				RefreshPlugins (55ms)
				BeforeProcessingInitializeOnLoad (22ms)
				ProcessInitializeOnLoadAttributes (93ms)
				ProcessInitializeOnLoadMethodAttributes (30ms)
				AfterProcessingInitializeOnLoad (0ms)
				EditorAssembliesLoaded (0ms)
			ExecutionOrderSort2 (0ms)
			AwakeInstancesAfterBackupRestoration (0ms)
Platform modules already initialized, skipping
Registering precompiled user dll's ...
Registered in 0.002290 seconds.
Begin MonoManager ReloadAssembly
Symbol file LoadedFromMemory doesn't match image D:\data\Desktop\WebGame_2022-03-01\WebGame_2022-03-01\Library\PackageCache\com.unity.collab-proxy@1.15.15\Lib\Editor\PlasticSCM\unityplastic.dll
Native extension for WindowsStandalone target not found
Native extension for WebGL target not found
Refreshing native plugins compatible for Editor in 54.72 ms, found 3 plugins.
Preloading 0 native plugins for Editor in 0.00 ms.
Mono: successfully reloaded assembly
- Completed reload, in  1.350 seconds
Domain Reload Profiling:
	ReloadAssembly (1351ms)
		BeginReloadAssembly (187ms)
			ExecutionOrderSort (0ms)
			DisableScriptedObjects (5ms)
			BackupInstance (0ms)
			ReleaseScriptingObjects (0ms)
			CreateAndSetChildDomain (21ms)
		EndReloadAssembly (1095ms)
			LoadAssemblies (133ms)
			RebuildTransferFunctionScriptingTraits (0ms)
			SetupTypeCache (351ms)
			ReleaseScriptCaches (0ms)
			RebuildScriptCaches (60ms)
			SetupLoadedEditorAssemblies (435ms)
				LogAssemblyErrors (0ms)
				InitializePlatformSupportModulesInManaged (5ms)
				SetLoadedEditorAssemblies (0ms)
				RefreshPlugins (55ms)
				BeforeProcessingInitializeOnLoad (99ms)
				ProcessInitializeOnLoadAttributes (248ms)
				ProcessInitializeOnLoadMethodAttributes (18ms)
				AfterProcessingInitializeOnLoad (10ms)
				EditorAssembliesLoaded (0ms)
			ExecutionOrderSort2 (0ms)
			AwakeInstancesAfterBackupRestoration (8ms)
Platform modules already initialized, skipping
========================================================================
Worker process is ready to serve import requests
Launched and connected shader compiler UnityShaderCompiler.exe after 0.28 seconds
Refreshing native plugins compatible for Editor in 0.50 ms, found 3 plugins.
Preloading 0 native plugins for Editor in 0.00 ms.
Unloading 2355 Unused Serialized files (Serialized files now loaded: 0)
System memory in use before: 102.2 MB.
System memory in use after: 102.4 MB.

Unloading 26 unused Assets to reduce memory usage. Loaded Objects now: 2792.
Total: 99.621300 ms (FindLiveObjects: 0.195800 ms CreateObjectMapping: 0.114100 ms MarkObjects: 99.226600 ms  DeleteObjects: 0.083500 ms)

AssetImportParameters requested are different than current active one (requested -> active):
  custom:framework-win-MediaFoundation: 216162199b28c13a410421893ffa2e32 -> 
  custom:video-decoder-ogg-theora: a1e56fd34408186e4bbccfd4996cb3dc -> 
  custom:container-muxer-webm: aa71ff27fc2769a1b78a27578f13a17b -> 
  custom:container-demuxer-webm: 4f35f7cbe854078d1ac9338744f61a02 -> 
  custom:container-demuxer-ogg: 62fdf1f143b41e24485cea50d1cbac27 -> 
  custom:video-encoder-webm-vp8: eb34c28f22e8b96e1ab97ce403110664 -> 
  custom:video-codec-MediaFoundation-h265: 746d11721c4dcdbdad8f713fa42b33f4 -> 
  custom:video-decoder-webm-vp8: 9c59270c3fd7afecdb556c50c9e8de78 -> 
  custom:audio-decoder-ogg-vorbis: bf7c407c2cedff20999df2af8eb42d56 -> 
  custom:audio-encoder-webm-vorbis: bf7c407c2cedff20999df2af8eb42d56 -> 
========================================================================
Received Import Request.
  path: Assets/調色盤/Grass_20.asset
  artifactKey: Guid(1b2ccf1b74361ed41a0621bea84d65f2) Importer(815301076,1909f56bfc062723c751e8b465ee728b)
Start importing Assets/調色盤/Grass_20.asset using Guid(1b2ccf1b74361ed41a0621bea84d65f2) Importer(815301076,1909f56bfc062723c751e8b465ee728b)  -> (artifact id: '658c093b50510522f1d906c58ad469fc') in 0.677379 seconds 
========================================================================
Received Import Request.
  Time since last request: 0.000281 seconds.
  path: Assets/調色盤/Grass_16.asset
  artifactKey: Guid(e0dc9dfa21f0ba34f9ed1b343ae4d78b) Importer(815301076,1909f56bfc062723c751e8b465ee728b)
Start importing Assets/調色盤/Grass_16.asset using Guid(e0dc9dfa21f0ba34f9ed1b343ae4d78b) Importer(815301076,1909f56bfc062723c751e8b465ee728b)  -> (artifact id: '433914f8c2e222925e7413ad4d2feadf') in 0.033167 seconds 
========================================================================
Received Import Request.
  Time since last request: 0.000241 seconds.
  path: Assets/調色盤/Grass_7.asset
  artifactKey: Guid(8f84fe8d657cfbf499a0ac5ee890867d) Importer(815301076,1909f56bfc062723c751e8b465ee728b)
Start importing Assets/調色盤/Grass_7.asset using Guid(8f84fe8d657cfbf499a0ac5ee890867d) Importer(815301076,1909f56bfc062723c751e8b465ee728b)  -> (artifact id: '6079229191bf44fbd81e7698d9ae546f') in 0.044009 seconds 
========================================================================
Received Import Request.
  Time since last request: 0.000166 seconds.
  path: Assets/調色盤/Grass_21.asset
  artifactKey: Guid(7c41c5b73d445b64584d3d05d6a05047) Importer(815301076,1909f56bfc062723c751e8b465ee728b)
Start importing Assets/調色盤/Grass_21.asset using Guid(7c41c5b73d445b64584d3d05d6a05047) Importer(815301076,1909f56bfc062723c751e8b465ee728b)  -> (artifact id: '863380b80bde605e449a70c1884fc18d') in 0.040956 seconds 
========================================================================
Received Import Request.
  Time since last request: 0.000187 seconds.
  path: Assets/調色盤/Grass_18.asset
  artifactKey: Guid(287f17c6497b9cc409dc22e2b6cfa87a) Importer(815301076,1909f56bfc062723c751e8b465ee728b)
Start importing Assets/調色盤/Grass_18.asset using Guid(287f17c6497b9cc409dc22e2b6cfa87a) Importer(815301076,1909f56bfc062723c751e8b465ee728b)  -> (artifact id: '0d2b8102ca662687edd70f38fd83c83b') in 0.032493 seconds 
========================================================================
Received Import Request.
  Time since last request: 0.000188 seconds.
  path: Assets/調色盤/Grass_15.asset
  artifactKey: Guid(fa47dd1ad0f976a4bb6f0f0888c11d22) Importer(815301076,1909f56bfc062723c751e8b465ee728b)
Start importing Assets/調色盤/Grass_15.asset using Guid(fa47dd1ad0f976a4bb6f0f0888c11d22) Importer(815301076,1909f56bfc062723c751e8b465ee728b)  -> (artifact id: '4bfb9bcbe2614fdd3996f8886dd01bd1') in 0.029572 seconds 
========================================================================
Received Import Request.
  Time since last request: 0.000178 seconds.
  path: Assets/調色盤/Grass_6.asset
  artifactKey: Guid(8631ecbe82d763f4b8de05e61545f2d0) Importer(815301076,1909f56bfc062723c751e8b465ee728b)
Start importing Assets/調色盤/Grass_6.asset using Guid(8631ecbe82d763f4b8de05e61545f2d0) Importer(815301076,1909f56bfc062723c751e8b465ee728b)  -> (artifact id: 'ce81a2ac1913ed80f0b8a66bde38641b') in 0.104139 seconds 
========================================================================
Received Import Request.
  Time since last request: 0.007384 seconds.
  path: Assets/素材/無摩擦力.physicsMaterial2D
  artifactKey: Guid(6aad63d830c0a4c42aacfd44ef5717e0) Importer(815301076,1909f56bfc062723c751e8b465ee728b)
Start importing Assets/素材/無摩擦力.physicsMaterial2D using Guid(6aad63d830c0a4c42aacfd44ef5717e0) Importer(815301076,1909f56bfc062723c751e8b465ee728b)  -> (artifact id: 'd3dde81b3ae0e8e4ab9d4953f867f181') in 0.052769 seconds 
========================================================================
Received Import Request.
  Time since last request: 0.000067 seconds.
  path: Assets/調色盤/Grass_1.asset
  artifactKey: Guid(beadbb0d946a174499b422d246def210) Importer(815301076,1909f56bfc062723c751e8b465ee728b)
Start importing Assets/調色盤/Grass_1.asset using Guid(beadbb0d946a174499b422d246def210) Importer(815301076,1909f56bfc062723c751e8b465ee728b)  -> (artifact id: '181e38f42816958888653bef0017c5f9') in 0.033492 seconds 
========================================================================
Received Import Request.
  Time since last request: 0.000204 seconds.
  path: Assets/調色盤/Grass_9.asset
  artifactKey: Guid(0a666b4c9a5f8914f8c293ada616e28e) Importer(815301076,1909f56bfc062723c751e8b465ee728b)
Start importing Assets/調色盤/Grass_9.asset using Guid(0a666b4c9a5f8914f8c293ada616e28e) Importer(815301076,1909f56bfc062723c751e8b465ee728b)  -> (artifact id: '1444f80113a6e04dca7600f52bebd276') in 0.061692 seconds 
========================================================================
Received Import Request.
  Time since last request: 0.000201 seconds.
  path: Assets/調色盤/Grass_2.asset
  artifactKey: Guid(eca6499438ee4944a94ef05d67e760a2) Importer(815301076,1909f56bfc062723c751e8b465ee728b)
Start importing Assets/調色盤/Grass_2.asset using Guid(eca6499438ee4944a94ef05d67e760a2) Importer(815301076,1909f56bfc062723c751e8b465ee728b)  -> (artifact id: 'e38203bd72407ec1ce64338126f25722') in 0.034378 seconds 
========================================================================
Received Import Request.
  Time since last request: 0.000300 seconds.
  path: Assets/調色盤/Grass_10.asset
  artifactKey: Guid(70a16087ae6ddcd46b8439aa15b120e6) Importer(815301076,1909f56bfc062723c751e8b465ee728b)
Start importing Assets/調色盤/Grass_10.asset using Guid(70a16087ae6ddcd46b8439aa15b120e6) Importer(815301076,1909f56bfc062723c751e8b465ee728b)  -> (artifact id: 'fb23e399f53ce892afc6a0ace2993c78') in 0.041831 seconds 
========================================================================
Received Import Request.
  Time since last request: 0.000247 seconds.
  path: Assets/調色盤/Grass_12.asset
  artifactKey: Guid(416892919e078b744a10e7041c53c8cf) Importer(815301076,1909f56bfc062723c751e8b465ee728b)
Start importing Assets/調色盤/Grass_12.asset using Guid(416892919e078b744a10e7041c53c8cf) Importer(815301076,1909f56bfc062723c751e8b465ee728b)  -> (artifact id: '95cf71c9de1ae28a97d3e9fa3c4cad1b') in 0.031701 seconds 
========================================================================
Received Import Request.
  Time since last request: 0.000156 seconds.
  path: Assets/調色盤/Grass_8.asset
  artifactKey: Guid(ba68f3924f0a90c4786bef8f4292e277) Importer(815301076,1909f56bfc062723c751e8b465ee728b)
Start importing Assets/調色盤/Grass_8.asset using Guid(ba68f3924f0a90c4786bef8f4292e277) Importer(815301076,1909f56bfc062723c751e8b465ee728b)  -> (artifact id: '38c9a51dea826f8e2dbdc8df24022314') in 0.061909 seconds 
========================================================================
Received Import Request.
  Time since last request: 0.000318 seconds.
  path: Assets/預知物/元素劍.prefab
  artifactKey: Guid(5e81dfeed484f634dbe6a08bf70d3f4a) Importer(815301076,1909f56bfc062723c751e8b465ee728b)
Start importing Assets/預知物/元素劍.prefab using Guid(5e81dfeed484f634dbe6a08bf70d3f4a) Importer(815301076,1909f56bfc062723c751e8b465ee728b)  -> (artifact id: 'eb5fb269fbe8d13ffbadc71dbc16cf7a') in 0.715923 seconds 
========================================================================
Received Import Request.
  Time since last request: 0.000239 seconds.
  path: Assets/調色盤/Grass_4.asset
  artifactKey: Guid(ce252411854f8fc4fa9e6f69ce934380) Importer(815301076,1909f56bfc062723c751e8b465ee728b)
Start importing Assets/調色盤/Grass_4.asset using Guid(ce252411854f8fc4fa9e6f69ce934380) Importer(815301076,1909f56bfc062723c751e8b465ee728b)  -> (artifact id: 'cb8eebb4bae7d44cbee02d9f8b1816aa') in 0.097874 seconds 
========================================================================
Received Import Request.
  Time since last request: 0.000409 seconds.
  path: Assets/調色盤/Grass_3.asset
  artifactKey: Guid(5f544cfcccfff5542b21c321d04d737b) Importer(815301076,1909f56bfc062723c751e8b465ee728b)
Start importing Assets/調色盤/Grass_3.asset using Guid(5f544cfcccfff5542b21c321d04d737b) Importer(815301076,1909f56bfc062723c751e8b465ee728b)  -> (artifact id: '1a6c5acd003c033c632f9736cd939e49') in 0.033260 seconds 
========================================================================
Received Import Request.
  Time since last request: 0.000197 seconds.
  path: Assets/調色盤/Grass_19.asset
  artifactKey: Guid(5ac1f697db190e940b3afefbac8133f4) Importer(815301076,1909f56bfc062723c751e8b465ee728b)
Start importing Assets/調色盤/Grass_19.asset using Guid(5ac1f697db190e940b3afefbac8133f4) Importer(815301076,1909f56bfc062723c751e8b465ee728b)  -> (artifact id: 'a342d7d336f878c9cbcbd8852cf1fbc0') in 0.055355 seconds 
========================================================================
Received Import Request.
  Time since last request: 0.000150 seconds.
  path: Assets/圖片/ALL.png
  artifactKey: Guid(1bcbc6d2665398c4a957f9dceecf78eb) Importer(815301076,1909f56bfc062723c751e8b465ee728b)
Start importing Assets/圖片/ALL.png using Guid(1bcbc6d2665398c4a957f9dceecf78eb) Importer(815301076,1909f56bfc062723c751e8b465ee728b)  -> (artifact id: 'a4354873fcf76dca1e6953827fcba8b6') in 1.426590 seconds 
========================================================================
Received Import Request.
  Time since last request: 0.000285 seconds.
  path: Assets/調色盤/Grass_0.asset
  artifactKey: Guid(dba8e18b012528946bb4470dc3f54531) Importer(815301076,1909f56bfc062723c751e8b465ee728b)
Start importing Assets/調色盤/Grass_0.asset using Guid(dba8e18b012528946bb4470dc3f54531) Importer(815301076,1909f56bfc062723c751e8b465ee728b)  -> (artifact id: 'df9c81788b7ca4b3d137f8484434e57f') in 0.078844 seconds 
========================================================================
Received Import Request.
  Time since last request: 0.000280 seconds.
  path: Assets/調色盤/Grass_11.asset
  artifactKey: Guid(ac16afa2d0b73c145b7b334f614578d0) Importer(815301076,1909f56bfc062723c751e8b465ee728b)
Start importing Assets/調色盤/Grass_11.asset using Guid(ac16afa2d0b73c145b7b334f614578d0) Importer(815301076,1909f56bfc062723c751e8b465ee728b)  -> (artifact id: 'c2d78d5b6c77aebc38a048665b9eccb6') in 0.362246 seconds 
========================================================================
Received Import Request.
  Time since last request: 0.000357 seconds.
  path: Assets/調色盤/Grass_5.asset
  artifactKey: Guid(22c4f179b4c00dd4d8e609a3586c2127) Importer(815301076,1909f56bfc062723c751e8b465ee728b)
Start importing Assets/調色盤/Grass_5.asset using Guid(22c4f179b4c00dd4d8e609a3586c2127) Importer(815301076,1909f56bfc062723c751e8b465ee728b)  -> (artifact id: '29b28a4841362e8e4c19d6b69640d794') in 0.045967 seconds 
========================================================================
Received Import Request.
  Time since last request: 0.000196 seconds.
  path: Assets/調色盤/Grass_14.asset
  artifactKey: Guid(f4f8884be8855964baa43985810d8e71) Importer(815301076,1909f56bfc062723c751e8b465ee728b)
Start importing Assets/調色盤/Grass_14.asset using Guid(f4f8884be8855964baa43985810d8e71) Importer(815301076,1909f56bfc062723c751e8b465ee728b)  -> (artifact id: 'a697cc6b48a70e74f305cf3f617f6969') in 0.029334 seconds 
========================================================================
Received Import Request.
  Time since last request: 0.000147 seconds.
  path: Assets/調色盤/Grass_13.asset
  artifactKey: Guid(d4dc3dcba1ee4844f92e45ca50919d68) Importer(815301076,1909f56bfc062723c751e8b465ee728b)
Start importing Assets/調色盤/Grass_13.asset using Guid(d4dc3dcba1ee4844f92e45ca50919d68) Importer(815301076,1909f56bfc062723c751e8b465ee728b)  -> (artifact id: '3f83c8bfa5a7cf34e3cbe2b7f3ea7173') in 0.221128 seconds 
========================================================================
Received Import Request.
  Time since last request: 0.000082 seconds.
  path: Assets/調色盤/Grass_17.asset
  artifactKey: Guid(864c7720f16ec9b48acee12dee3b0c67) Importer(815301076,1909f56bfc062723c751e8b465ee728b)
Start importing Assets/調色盤/Grass_17.asset using Guid(864c7720f16ec9b48acee12dee3b0c67) Importer(815301076,1909f56bfc062723c751e8b465ee728b)  -> (artifact id: 'abdf761fc00b38474a8966254ed30ed5') in 0.061532 seconds 
========================================================================
Received Import Request.
  Time since last request: 0.000265 seconds.
  path: Assets/調色盤/Grass_22.asset
  artifactKey: Guid(cac48e34f4e281b489e5f01f13e71641) Importer(815301076,1909f56bfc062723c751e8b465ee728b)
Start importing Assets/調色盤/Grass_22.asset using Guid(cac48e34f4e281b489e5f01f13e71641) Importer(815301076,1909f56bfc062723c751e8b465ee728b)  -> (artifact id: 'e71eccedbbb19df0ff5a26902d4b4287') in 0.114699 seconds 
========================================================================
Received Prepare
Registering precompiled user dll's ...
Registered in 0.002395 seconds.
Begin MonoManager ReloadAssembly
Symbol file LoadedFromMemory doesn't match image D:\data\Desktop\WebGame_2022-03-01\WebGame_2022-03-01\Library\PackageCache\com.unity.collab-proxy@1.15.15\Lib\Editor\PlasticSCM\unityplastic.dll
Native extension for WindowsStandalone target not found
Native extension for WebGL target not found
Refreshing native plugins compatible for Editor in 0.64 ms, found 3 plugins.
Preloading 0 native plugins for Editor in 0.00 ms.
Mono: successfully reloaded assembly
- Completed reload, in  1.227 seconds
Domain Reload Profiling:
	ReloadAssembly (1227ms)
		BeginReloadAssembly (159ms)
			ExecutionOrderSort (0ms)
			DisableScriptedObjects (6ms)
			BackupInstance (0ms)
			ReleaseScriptingObjects (0ms)
			CreateAndSetChildDomain (65ms)
		EndReloadAssembly (997ms)
			LoadAssemblies (117ms)
			RebuildTransferFunctionScriptingTraits (0ms)
			SetupTypeCache (375ms)
			ReleaseScriptCaches (1ms)
			RebuildScriptCaches (56ms)
			SetupLoadedEditorAssemblies (342ms)
				LogAssemblyErrors (0ms)
				InitializePlatformSupportModulesInManaged (6ms)
				SetLoadedEditorAssemblies (1ms)
				RefreshPlugins (1ms)
				BeforeProcessingInitializeOnLoad (95ms)
				ProcessInitializeOnLoadAttributes (217ms)
				ProcessInitializeOnLoadMethodAttributes (14ms)
				AfterProcessingInitializeOnLoad (8ms)
				EditorAssembliesLoaded (0ms)
			ExecutionOrderSort2 (0ms)
			AwakeInstancesAfterBackupRestoration (10ms)
Platform modules already initialized, skipping
Refreshing native plugins compatible for Editor in 0.65 ms, found 3 plugins.
Preloading 0 native plugins for Editor in 0.00 ms.
Unloading 2342 Unused Serialized files (Serialized files now loaded: 0)
System memory in use before: 104.7 MB.
System memory in use after: 104.9 MB.

Unloading 15 unused Assets to reduce memory usage. Loaded Objects now: 2809.
Total: 3.115600 ms (FindLiveObjects: 0.183700 ms CreateObjectMapping: 0.101700 ms MarkObjects: 2.784400 ms  DeleteObjects: 0.044900 ms)

AssetImportParameters requested are different than current active one (requested -> active):
  custom:framework-win-MediaFoundation: 216162199b28c13a410421893ffa2e32 -> 
  custom:video-decoder-ogg-theora: a1e56fd34408186e4bbccfd4996cb3dc -> 
  custom:container-muxer-webm: aa71ff27fc2769a1b78a27578f13a17b -> 
  custom:container-demuxer-webm: 4f35f7cbe854078d1ac9338744f61a02 -> 
  custom:container-demuxer-ogg: 62fdf1f143b41e24485cea50d1cbac27 -> 
  custom:video-encoder-webm-vp8: eb34c28f22e8b96e1ab97ce403110664 -> 
  custom:video-codec-MediaFoundation-h265: 746d11721c4dcdbdad8f713fa42b33f4 -> 
  custom:video-decoder-webm-vp8: 9c59270c3fd7afecdb556c50c9e8de78 -> 
  custom:audio-decoder-ogg-vorbis: bf7c407c2cedff20999df2af8eb42d56 -> 
  custom:audio-encoder-webm-vorbis: bf7c407c2cedff20999df2af8eb42d56 -> 
========================================================================
Received Import Request.
  Time since last request: 648.427368 seconds.
  path: Assets/場景/農莊.unity
  artifactKey: Guid(86938cd60633bac4fbd6ae2d910b990e) Importer(815301076,1909f56bfc062723c751e8b465ee728b)
Start importing Assets/場景/農莊.unity using Guid(86938cd60633bac4fbd6ae2d910b990e) Importer(815301076,1909f56bfc062723c751e8b465ee728b)  -> (artifact id: 'fce4fef117c2508c2aff4e6f10398a0c') in 0.045273 seconds 
========================================================================
Received Prepare
Registering precompiled user dll's ...
Registered in 0.002488 seconds.
Begin MonoManager ReloadAssembly
Symbol file LoadedFromMemory doesn't match image D:\data\Desktop\WebGame_2022-03-01\WebGame_2022-03-01\Library\PackageCache\com.unity.collab-proxy@1.15.15\Lib\Editor\PlasticSCM\unityplastic.dll
Native extension for WindowsStandalone target not found
Native extension for WebGL target not found
Refreshing native plugins compatible for Editor in 0.50 ms, found 3 plugins.
Preloading 0 native plugins for Editor in 0.00 ms.
Mono: successfully reloaded assembly
- Completed reload, in  1.280 seconds
Domain Reload Profiling:
	ReloadAssembly (1280ms)
		BeginReloadAssembly (124ms)
			ExecutionOrderSort (0ms)
			DisableScriptedObjects (7ms)
			BackupInstance (0ms)
			ReleaseScriptingObjects (0ms)
			CreateAndSetChildDomain (35ms)
		EndReloadAssembly (1092ms)
			LoadAssemblies (112ms)
			RebuildTransferFunctionScriptingTraits (0ms)
			SetupTypeCache (390ms)
			ReleaseScriptCaches (1ms)
			RebuildScriptCaches (130ms)
			SetupLoadedEditorAssemblies (353ms)
				LogAssemblyErrors (0ms)
				InitializePlatformSupportModulesInManaged (6ms)
				SetLoadedEditorAssemblies (1ms)
				RefreshPlugins (1ms)
				BeforeProcessingInitializeOnLoad (101ms)
				ProcessInitializeOnLoadAttributes (223ms)
				ProcessInitializeOnLoadMethodAttributes (13ms)
				AfterProcessingInitializeOnLoad (7ms)
				EditorAssembliesLoaded (0ms)
			ExecutionOrderSort2 (0ms)
			AwakeInstancesAfterBackupRestoration (10ms)
Platform modules already initialized, skipping
Refreshing native plugins compatible for Editor in 0.94 ms, found 3 plugins.
Preloading 0 native plugins for Editor in 0.00 ms.
Unloading 2342 Unused Serialized files (Serialized files now loaded: 0)
System memory in use before: 104.7 MB.
System memory in use after: 105.0 MB.

Unloading 15 unused Assets to reduce memory usage. Loaded Objects now: 2812.
Total: 3.707600 ms (FindLiveObjects: 0.185400 ms CreateObjectMapping: 0.106300 ms MarkObjects: 3.363000 ms  DeleteObjects: 0.051800 ms)

AssetImportParameters requested are different than current active one (requested -> active):
  custom:framework-win-MediaFoundation: 216162199b28c13a410421893ffa2e32 -> 
  custom:video-decoder-ogg-theora: a1e56fd34408186e4bbccfd4996cb3dc -> 
  custom:container-muxer-webm: aa71ff27fc2769a1b78a27578f13a17b -> 
  custom:container-demuxer-webm: 4f35f7cbe854078d1ac9338744f61a02 -> 
  custom:container-demuxer-ogg: 62fdf1f143b41e24485cea50d1cbac27 -> 
  custom:video-encoder-webm-vp8: eb34c28f22e8b96e1ab97ce403110664 -> 
  custom:video-codec-MediaFoundation-h265: 746d11721c4dcdbdad8f713fa42b33f4 -> 
  custom:video-decoder-webm-vp8: 9c59270c3fd7afecdb556c50c9e8de78 -> 
  custom:audio-decoder-ogg-vorbis: bf7c407c2cedff20999df2af8eb42d56 -> 
  custom:audio-encoder-webm-vorbis: bf7c407c2cedff20999df2af8eb42d56 -> 
========================================================================
Received Import Request.
  Time since last request: 420.376351 seconds.
  path: Assets/Scripts/DataEnemy.cs
  artifactKey: Guid(750f67cc87fd1b44d8e955908e957547) Importer(815301076,1909f56bfc062723c751e8b465ee728b)
Start importing Assets/Scripts/DataEnemy.cs using Guid(750f67cc87fd1b44d8e955908e957547) Importer(815301076,1909f56bfc062723c751e8b465ee728b)  -> (artifact id: '06de652dd408f2fe5dc2740381e623bf') in 0.310520 seconds 
========================================================================
Received Import Request.
  Time since last request: 26.128145 seconds.
  path: Assets/Scripts/DataWeapon.cs
  artifactKey: Guid(04e7ef4b2eb2a484b8b84bb2d64a0e9f) Importer(815301076,1909f56bfc062723c751e8b465ee728b)
Start importing Assets/Scripts/DataWeapon.cs using Guid(04e7ef4b2eb2a484b8b84bb2d64a0e9f) Importer(815301076,1909f56bfc062723c751e8b465ee728b)  -> (artifact id: 'c8c023fae521f0ea27a67edcd7bb3860') in 0.043388 seconds 
